Arguments: 
  /usr/local/bin/node /usr/local/bin/yarn dev

PATH: 
  /usr/local/bin:/usr/bin:/bin:/usr/sbin:/sbin:/opt/X11/bin:/Library/Frameworks/Mono.framework/Versions/Current/Commands

Yarn version: 
  1.5.1

Node version: 
  8.9.4

Platform: 
  darwin x64

npm manifest: 
  {
    "name": "frontend-project",
    "version": "1.0.0",
    "description": "The Frontend take home project for DoorDash",
    "main": "index.js",
    "scripts": {
      "test": "echo \"Error: no test specified\" && exit 1",
      "start": "serve ./public",
      "api-server": "node server.js",
      "client": "cd client && yarn start",
      "server": "node server.js",
      "dev": "concurrently --kill-others-on-fail \"yarn server\" \"yarn client\""
    },
    "engines": {
      "node": ">=7.0.0"
    },
    "author": "Ryan Gonzalez",
    "license": "ISC",
    "devDependencies": {
      "serve": "^3.1.0",
      "express": "~4.0.0",
      "body-parser": "~1.0.1"
    },
    "dependencies": {
      "shortid": "^2.2.8"
    }
  }

yarn manifest: 
  No manifest

Lockfile: 
  No lockfile

Trace: 
  Error: Command failed.
  Exit code: 127
  Command: sh
  Arguments: -c concurrently --kill-others-on-fail "yarn server" "yarn client"
  Directory: /Users/Apple/Desktop/Boot Camp/AlgoCasts/DoorDash/Frontend-Interview-Project-master
  Output:
  
      at ProcessTermError.MessageError (/usr/local/lib/node_modules/yarn/lib/cli.js:186:110)
      at new ProcessTermError (/usr/local/lib/node_modules/yarn/lib/cli.js:226:113)
      at ChildProcess.<anonymous> (/usr/local/lib/node_modules/yarn/lib/cli.js:30281:17)
      at emitTwo (events.js:126:13)
      at ChildProcess.emit (events.js:214:7)
      at maybeClose (internal/child_process.js:925:16)
      at Process.ChildProcess._handle.onexit (internal/child_process.js:209:5)
